#
# There is insufficient memory for the Java Runtime Environment to continue.
# Native memory allocation (mmap) failed to map 264241152 bytes for G1 virtual space
# Possible reasons:
#   The system is out of physical RAM or swap space
#   The process is running with CompressedOops enabled, and the Java Heap may be blocking the growth of the native heap
# Possible solutions:
#   Reduce memory load on the system
#   Increase physical memory or swap space
#   Check if swap backing store is full
#   Decrease Java heap size (-Xmx/-Xms)
#   Decrease number of Java threads
#   Decrease Java thread stack sizes (-Xss)
#   Set larger code cache with -XX:ReservedCodeCacheSize=
#   JVM is running with Zero Based Compressed Oops mode in which the Java heap is
#     placed in the first 32GB address space. The Java Heap base address is the
#     maximum limit for the native heap growth. Please use -XX:HeapBaseMinAddress
#     to set the Java Heap base and to place the Java Heap above 32GB virtual address.
# This output file may be truncated or incomplete.
#
#  Out of Memory Error (os_windows.cpp:3552), pid=30816, tid=31652
#
# JRE version:  (17.0.9+11) (build )
# Java VM: Java HotSpot(TM) 64-Bit Server VM (17.0.9+11-LTS-201, mixed mode, sharing, tiered, compressed oops, compressed class ptrs, g1 gc, windows-amd64)
# No core dump will be written. Minidumps are not enabled by default on client versions of Windows
#

---------------  S U M M A R Y ------------

Command Line: -Dfile.encoding=UTF-8 --module-path=C:\Users\rutur\Documents\NetBeansProjects\bank management system\build\classes bank.management.system.Deposit

Host: 12th Gen Intel(R) Core(TM) i5-1240P, 16 cores, 15G,  Windows 11 , 64 bit Build 22621 (10.0.22621.2506)
Time: Sat Nov  4 23:39:06 2023 India Standard Time elapsed time: 0.011656 seconds (0d 0h 0m 0s)

---------------  T H R E A D  ---------------

Current thread (0x000001ac41588d80):  JavaThread "Unknown thread" [_thread_in_vm, id=31652, stack(0x000000736ff00000,0x0000007370000000)]

Stack: [0x000000736ff00000,0x0000007370000000]
Native frames: (J=compiled Java code, j=interpreted, Vv=VM code, C=native code)
V  [jvm.dll+0x678a4a]
V  [jvm.dll+0x7d9cfd]
V  [jvm.dll+0x7db60e]
V  [jvm.dll+0x7dbc73]
V  [jvm.dll+0x245e1f]
V  [jvm.dll+0x6758f9]
V  [jvm.dll+0x66a2a2]
V  [jvm.dll+0x303686]
V  [jvm.dll+0x30ac06]
V  [jvm.dll+0x35a48e]
V  [jvm.dll+0x35a6bf]
V  [jvm.dll+0x2da678]
V  [jvm.dll+0x2db5e4]
V  [jvm.dll+0x7ab6b1]
V  [jvm.dll+0x368041]
V  [jvm.dll+0x78a749]
V  [jvm.dll+0x3ebd4f]
V  [jvm.dll+0x3ed7d1]
C  [jli.dll+0x5297]
C  [ucrtbase.dll+0x29363]
C  [KERNEL32.DLL+0x1257d]
C  [ntdll.dll+0x5aa58]


---------------  P R O C E S S  ---------------

Threads class SMR info:
_java_thread_list=0x00007ffc16bc89d8, length=0, elements={
}

Java Threads: ( => current thread )

Other Threads:
  0x000001ac415fd240 GCTaskThread "GC Thread#0" [stack: 0x0000007370000000,0x0000007370100000] [id=34096]
  0x000001ac4160dbb0 ConcurrentGCThread "G1 Main Marker" [stack: 0x0000007370100000,0x0000007370200000] [id=2556]
  0x000001ac4160e4d0 ConcurrentGCThread "G1 Conc#0" [stack: 0x0000007370200000,0x0000007370300000] [id=32748]

[error occurred during error reporting (printing all threads), id 0xc0000005, EXCEPTION_ACCESS_VIOLATION (0xc0000005) at pc=0x00007ffc163fb2d7]

VM state: not at safepoint (not fully initialized)

VM Mutex/Monitor currently owned by a thread:  ([mutex/lock_event])
[0x000001ac415860b0] Heap_lock - owner thread: 0x000001ac41588d80

Heap address: 0x0000000704e00000, size: 4018 MB, Compressed Oops mode: Zero based, Oop shift amount: 3

CDS archive(s) mapped at: [0x0000000000000000-0x0000000000000000-0x0000000000000000), size 0, SharedBaseAddress: 0x0000000800000000, ArchiveRelocationMode: 1.
Narrow klass base: 0x0000000000000000, Narrow klass shift: 0, Narrow klass range: 0x0

GC Precious Log:
<Empty>

Heap:
 garbage-first heap   total 0K, used 0K [0x0000000704e00000, 0x0000000800000000)
  region size 2048K, 0 young (0K), 0 survivors (0K)

[error occurred during error reporting (printing heap information), id 0xc0000005, EXCEPTION_ACCESS_VIOLATION (0xc0000005) at pc=0x00007ffc167e2229]

GC Heap History (0 events):
No events

Deoptimization events (0 events):
No events

Classes unloaded (0 events):
No events

Classes redefined (0 events):
No events

Internal exceptions (0 events):
No events

VM Operations (0 events):
No events

Events (1 events):
Event: 0.008 Loaded shared library C:\Program Files\Java\jdk-17\bin\java.dll


Dynamic libraries:
0x00007ff6c31f0000 - 0x00007ff6c3200000 	C:\Program Files\Java\jdk-17\bin\java.exe
0x00007ffc8f750000 - 0x00007ffc8f967000 	C:\Windows\SYSTEM32\ntdll.dll
0x00007ffc8e0f0000 - 0x00007ffc8e1b4000 	C:\Windows\System32\KERNEL32.DLL
0x00007ffc8d060000 - 0x00007ffc8d407000 	C:\Windows\System32\KERNELBASE.dll
0x00007ffc8cc40000 - 0x00007ffc8cd51000 	C:\Windows\System32\ucrtbase.dll
0x00007ffc5a330000 - 0x00007ffc5a349000 	C:\Program Files\Java\jdk-17\bin\jli.dll
0x00007ffc8e1c0000 - 0x00007ffc8e270000 	C:\Windows\System32\ADVAPI32.dll
0x00007ffc81e70000 - 0x00007ffc81e8b000 	C:\Program Files\Java\jdk-17\bin\VCRUNTIME140.dll
0x00007ffc8de60000 - 0x00007ffc8df07000 	C:\Windows\System32\msvcrt.dll
0x00007ffc8f420000 - 0x00007ffc8f4c6000 	C:\Windows\System32\sechost.dll
0x00007ffc8dbe0000 - 0x00007ffc8dcf7000 	C:\Windows\System32\RPCRT4.dll
0x00007ffc8da30000 - 0x00007ffc8dbde000 	C:\Windows\System32\USER32.dll
0x00007ffc8cad0000 - 0x00007ffc8caf6000 	C:\Windows\System32\win32u.dll
0x00007ffc8f4d0000 - 0x00007ffc8f4f9000 	C:\Windows\System32\GDI32.dll
0x00007ffc8cdd0000 - 0x00007ffc8cee9000 	C:\Windows\System32\gdi32full.dll
0x00007ffc6def0000 - 0x00007ffc6e183000 	C:\Windows\WinSxS\amd64_microsoft.windows.common-controls_6595b64144ccf1df_6.0.22621.2506_none_270c5ae97388e100\COMCTL32.dll
0x00007ffc8d410000 - 0x00007ffc8d4aa000 	C:\Windows\System32\msvcp_win.dll
0x00007ffc7dfb0000 - 0x00007ffc7dfba000 	C:\Windows\SYSTEM32\VERSION.dll
0x00007ffc8d560000 - 0x00007ffc8d591000 	C:\Windows\System32\IMM32.DLL
0x00007ffc87e40000 - 0x00007ffc87e4c000 	C:\Program Files\Java\jdk-17\bin\vcruntime140_1.dll
0x00007ffc3e700000 - 0x00007ffc3e78e000 	C:\Program Files\Java\jdk-17\bin\msvcp140.dll
0x00007ffc16110000 - 0x00007ffc16cf1000 	C:\Program Files\Java\jdk-17\bin\server\jvm.dll
0x00007ffc8e700000 - 0x00007ffc8e708000 	C:\Windows\System32\PSAPI.DLL
0x00007ffc89c70000 - 0x00007ffc89ca4000 	C:\Windows\SYSTEM32\WINMM.dll
0x00007ffc7b3a0000 - 0x00007ffc7b3a9000 	C:\Windows\SYSTEM32\WSOCK32.dll
0x00007ffc8f590000 - 0x00007ffc8f601000 	C:\Windows\System32\WS2_32.dll
0x00007ffc8bb60000 - 0x00007ffc8bb78000 	C:\Windows\SYSTEM32\kernel.appcore.dll
0x00007ffc81120000 - 0x00007ffc8112a000 	C:\Program Files\Java\jdk-17\bin\jimage.dll
0x00007ffc8a250000 - 0x00007ffc8a483000 	C:\Windows\SYSTEM32\DBGHELP.DLL
0x00007ffc8f070000 - 0x00007ffc8f3f9000 	C:\Windows\System32\combase.dll
0x00007ffc8f610000 - 0x00007ffc8f6e7000 	C:\Windows\System32\OLEAUT32.dll
0x00007ffc89bf0000 - 0x00007ffc89c22000 	C:\Windows\SYSTEM32\dbgcore.DLL
0x00007ffc8cbc0000 - 0x00007ffc8cc3a000 	C:\Windows\System32\bcryptPrimitives.dll
0x00007ffc75600000 - 0x00007ffc75625000 	C:\Program Files\Java\jdk-17\bin\java.dll

dbghelp: loaded successfully - version: 4.0.5 - missing functions: none
symbol engine: initialized successfully - sym options: 0x614 - pdb path: .;C:\Program Files\Java\jdk-17\bin;C:\Windows\SYSTEM32;C:\Windows\WinSxS\amd64_microsoft.windows.common-controls_6595b64144ccf1df_6.0.22621.2506_none_270c5ae97388e100;C:\Program Files\Java\jdk-17\bin\server

VM Arguments:
jvm_args: -Dfile.encoding=UTF-8 --module-path=C:\Users\rutur\Documents\NetBeansProjects\bank management system\build\classes 
java_command: bank.management.system.Deposit
java_class_path (initial): C:\Users\rutur\Documents\NetBeansProjects\ATM Simulator System\jcalendar-tz-1.3.3-4.jar;C:\Users\rutur\Documents\NetBeansProjects\ATM Simulator System\mysql-connector-java-8.0.28.jar;C:\Users\rutur\Documents\NetBeansProjects\bank management system\build\classes
Launcher Type: SUN_STANDARD

[Global flags]
     intx CICompilerCount                          = 12                                        {product} {ergonomic}
     uint ConcGCThreads                            = 3                                         {product} {ergonomic}
     uint G1ConcRefinementThreads                  = 13                                        {product} {ergonomic}
   size_t G1HeapRegionSize                         = 2097152                                   {product} {ergonomic}
    uintx GCDrainStackTargetSize                   = 64                                        {product} {ergonomic}
   size_t InitialHeapSize                          = 264241152                                 {product} {ergonomic}
   size_t MarkStackSize                            = 4194304                                   {product} {ergonomic}
   size_t MaxHeapSize                              = 4213178368                                {product} {ergonomic}
   size_t MinHeapDeltaBytes                        = 2097152                                   {product} {ergonomic}
   size_t MinHeapSize                              = 8388608                                   {product} {ergonomic}
    uintx NonNMethodCodeHeapSize                   = 7602480                                {pd product} {ergonomic}
    uintx NonProfiledCodeHeapSize                  = 122027880                              {pd product} {ergonomic}
    uintx ProfiledCodeHeapSize                     = 122027880                              {pd product} {ergonomic}
    uintx ReservedCodeCacheSize                    = 251658240                              {pd product} {ergonomic}
     bool SegmentedCodeCache                       = true                                      {product} {ergonomic}
   size_t SoftMaxHeapSize                          = 4213178368                             {manageable} {ergonomic}
     bool UseCompressedClassPointers               = true                           {product lp64_product} {ergonomic}
     bool UseCompressedOops                        = true                           {product lp64_product} {ergonomic}
     bool UseG1GC                                  = true                                      {product} {ergonomic}
     bool UseLargePagesIndividualAllocation        = false                                  {pd product} {ergonomic}

Logging:
Log output configuration:
 #0: stdout all=warning uptime,level,tags
 #1: stderr all=off uptime,level,tags

Environment Variables:
CLASSPATH=C:\Program Files\Java\jdk-21\lib
PATH=C:\Windows\system32;C:\Program Files\Python312\Scripts\;C:\Program Files\Python312\;C:\Program Files\Java\jdk-21\bin;C:\MinGW\bin;C:\Program Files\dotnet\;C:\Program Files\MySQL\MySQL Shell 8.0\bin\;C:\Users\rutur\AppData\Local\Microsoft\WindowsApps;;C:\Users\rutur\AppData\Local\Programs\Microsoft VS Code\bin;C:\Program Files\JetBrains\PyCharm Community Edition 2022.3.2\bin;
USERNAME=rutur
OS=Windows_NT
PROCESSOR_IDENTIFIER=Intel64 Family 6 Model 154 Stepping 3, GenuineIntel



---------------  S Y S T E M  ---------------

OS:
 Windows 11 , 64 bit Build 22621 (10.0.22621.2506)
OS uptime: 6 days 12:20 hours
Hyper-V role detected

CPU: total 16 (initial active 16) (8 cores per cpu, 2 threads per core) family 6 model 154 stepping 3 microcode 0x42a, cx8, cmov, fxsr, ht, mmx, 3dnowpref, sse, sse2, sse3, ssse3, sse4.1, sse4.2, popcnt, lzcnt, tsc, tscinvbit, avx, avx2, aes, erms, clmul, bmi1, bmi2, adx, sha, fma, vzeroupper, clflush, clflushopt, clwb, hv

Memory: 4k page, system-wide physical 16068M (2137M free)
TotalPageFile size 65220M (AvailPageFile size 52M)
current process WorkingSet (physical memory assigned to process): 11M, peak: 11M
current process commit charge ("private bytes"): 70M, peak: 322M

vm_info: Java HotSpot(TM) 64-Bit Server VM (17.0.9+11-LTS-201) for windows-amd64 JRE (17.0.9+11-LTS-201), built on Oct 10 2023 23:16:06 by "mach5one" with MS VC++ 17.1 (VS2022)

END.
